{"level":"info","message":"API Gateway listening on port 3000","timestamp":"2025-05-21T07:55:33.867Z"}
{"level":"info","message":"Forwarding request","method":"POST","path":"/api/user-service/users","service":"user-service","targetPath":"/users","timestamp":"2025-05-21T07:56:22.823Z"}
{"level":"info","message":"Forwarding request","method":"POST","path":"/api/user-service/users","service":"user-service","targetPath":"/users","timestamp":"2025-05-21T08:03:20.023Z"}
{"level":"info","message":"Forwarding request","method":"GET","path":"/api/user-service/users","service":"user-service","targetPath":"/users","timestamp":"2025-05-21T08:05:37.459Z"}
{"level":"info","message":"Forwarding request","method":"POST","path":"/api/user-service/users","service":"user-service","targetPath":"/users","timestamp":"2025-05-21T08:09:58.304Z"}
{"level":"info","message":"Forwarding request","method":"POST","path":"/api/user-service/users","service":"user-service","targetPath":"/users","timestamp":"2025-05-21T08:09:58.307Z"}
{"level":"info","message":"Forwarding request","method":"POST","path":"/api/user-service/users","service":"user-service","targetPath":"/users","timestamp":"2025-05-21T08:09:58.311Z"}
{"level":"info","message":"Forwarding request","method":"POST","path":"/api/user-service/users","service":"user-service","targetPath":"/users","timestamp":"2025-05-21T08:09:58.315Z"}
{"level":"info","message":"Forwarding request","method":"POST","path":"/api/user-service/users","service":"user-service","targetPath":"/users","timestamp":"2025-05-21T08:09:58.317Z"}
{"level":"info","message":"Forwarding request","method":"POST","path":"/api/user-service/users","service":"user-service","targetPath":"/users","timestamp":"2025-05-21T08:09:58.320Z"}
{"level":"info","message":"Forwarding request","method":"POST","path":"/api/user-service/users","service":"user-service","targetPath":"/users","timestamp":"2025-05-21T08:09:58.323Z"}
{"level":"info","message":"Forwarding request","method":"POST","path":"/api/user-service/users","service":"user-service","targetPath":"/users","timestamp":"2025-05-21T08:09:58.326Z"}
{"level":"info","message":"Forwarding request","method":"POST","path":"/api/user-service/users","service":"user-service","targetPath":"/users","timestamp":"2025-05-21T08:09:58.328Z"}
{"level":"info","message":"Forwarding request","method":"POST","path":"/api/user-service/users","service":"user-service","targetPath":"/users","timestamp":"2025-05-21T08:09:58.329Z"}
{"level":"info","message":"Forwarding request","method":"POST","path":"/api/user-service/users","service":"user-service","targetPath":"/users","timestamp":"2025-05-21T08:09:58.331Z"}
{"level":"info","message":"Forwarding request","method":"POST","path":"/api/user-service/users","service":"user-service","targetPath":"/users","timestamp":"2025-05-21T08:09:58.334Z"}
{"level":"info","message":"Forwarding request","method":"POST","path":"/api/user-service/users","service":"user-service","targetPath":"/users","timestamp":"2025-05-21T08:09:58.335Z"}
{"level":"info","message":"Forwarding request","method":"POST","path":"/api/user-service/users","service":"user-service","targetPath":"/users","timestamp":"2025-05-21T08:09:58.337Z"}
{"level":"info","message":"Forwarding request","method":"POST","path":"/api/user-service/users","service":"user-service","targetPath":"/users","timestamp":"2025-05-21T08:09:58.339Z"}
{"level":"info","message":"Forwarding request","method":"POST","path":"/api/user-service/users","service":"user-service","targetPath":"/users","timestamp":"2025-05-21T08:09:58.342Z"}
{"level":"info","message":"Forwarding request","method":"POST","path":"/api/user-service/users","service":"user-service","targetPath":"/users","timestamp":"2025-05-21T08:09:58.344Z"}
{"level":"info","message":"Forwarding request","method":"POST","path":"/api/user-service/users","service":"user-service","targetPath":"/users","timestamp":"2025-05-21T08:09:58.347Z"}
{"level":"info","message":"Forwarding request","method":"POST","path":"/api/user-service/users","service":"user-service","targetPath":"/users","timestamp":"2025-05-21T08:09:58.349Z"}
{"level":"info","message":"Forwarding request","method":"POST","path":"/api/user-service/users","service":"user-service","targetPath":"/users","timestamp":"2025-05-21T08:09:58.350Z"}
{"level":"info","message":"Forwarding request","method":"POST","path":"/api/user-service/users","service":"user-service","targetPath":"/users","timestamp":"2025-05-21T08:09:58.352Z"}
{"level":"info","message":"Forwarding request","method":"POST","path":"/api/user-service/users","service":"user-service","targetPath":"/users","timestamp":"2025-05-21T08:09:58.354Z"}
{"level":"info","message":"Forwarding request","method":"POST","path":"/api/user-service/users","service":"user-service","targetPath":"/users","timestamp":"2025-05-21T08:09:58.357Z"}
{"level":"info","message":"Forwarding request","method":"POST","path":"/api/user-service/users","service":"user-service","targetPath":"/users","timestamp":"2025-05-21T08:09:58.360Z"}
{"level":"info","message":"Forwarding request","method":"POST","path":"/api/user-service/users","service":"user-service","targetPath":"/users","timestamp":"2025-05-21T08:09:58.372Z"}
{"level":"info","message":"Forwarding request","method":"POST","path":"/api/user-service/users","service":"user-service","targetPath":"/users","timestamp":"2025-05-21T08:09:58.378Z"}
{"level":"info","message":"Forwarding request","method":"POST","path":"/api/user-service/users","service":"user-service","targetPath":"/users","timestamp":"2025-05-21T08:09:58.380Z"}
{"level":"info","message":"Forwarding request","method":"POST","path":"/api/user-service/users","service":"user-service","targetPath":"/users","timestamp":"2025-05-21T08:09:58.382Z"}
{"level":"info","message":"Forwarding request","method":"POST","path":"/api/user-service/users","service":"user-service","targetPath":"/users","timestamp":"2025-05-21T08:09:58.383Z"}
{"level":"info","message":"Forwarding request","method":"POST","path":"/api/user-service/users","service":"user-service","targetPath":"/users","timestamp":"2025-05-21T08:09:58.385Z"}
{"level":"info","message":"Forwarding request","method":"POST","path":"/api/user-service/users","service":"user-service","targetPath":"/users","timestamp":"2025-05-21T08:09:58.388Z"}
{"level":"info","message":"Forwarding request","method":"POST","path":"/api/user-service/users","service":"user-service","targetPath":"/users","timestamp":"2025-05-21T08:09:58.390Z"}
{"level":"info","message":"Forwarding request","method":"POST","path":"/api/user-service/users","service":"user-service","targetPath":"/users","timestamp":"2025-05-21T08:09:58.392Z"}
{"level":"info","message":"Forwarding request","method":"POST","path":"/api/user-service/users","service":"user-service","targetPath":"/users","timestamp":"2025-05-21T08:09:58.395Z"}
{"level":"info","message":"Forwarding request","method":"POST","path":"/api/user-service/users","service":"user-service","targetPath":"/users","timestamp":"2025-05-21T08:09:58.397Z"}
{"level":"info","message":"Forwarding request","method":"POST","path":"/api/user-service/users","service":"user-service","targetPath":"/users","timestamp":"2025-05-21T08:09:58.398Z"}
{"level":"info","message":"Forwarding request","method":"POST","path":"/api/user-service/users","service":"user-service","targetPath":"/users","timestamp":"2025-05-21T08:09:58.400Z"}
{"level":"info","message":"Forwarding request","method":"POST","path":"/api/user-service/users","service":"user-service","targetPath":"/users","timestamp":"2025-05-21T08:09:58.403Z"}
{"level":"info","message":"Forwarding request","method":"POST","path":"/api/user-service/users","service":"user-service","targetPath":"/users","timestamp":"2025-05-21T08:09:58.407Z"}
{"level":"info","message":"Forwarding request","method":"POST","path":"/api/user-service/users","service":"user-service","targetPath":"/users","timestamp":"2025-05-21T08:09:58.409Z"}
{"level":"info","message":"Forwarding request","method":"POST","path":"/api/user-service/users","service":"user-service","targetPath":"/users","timestamp":"2025-05-21T08:09:58.412Z"}
{"level":"info","message":"Forwarding request","method":"POST","path":"/api/user-service/users","service":"user-service","targetPath":"/users","timestamp":"2025-05-21T08:09:58.414Z"}
{"level":"info","message":"Forwarding request","method":"POST","path":"/api/user-service/users","service":"user-service","targetPath":"/users","timestamp":"2025-05-21T08:09:58.416Z"}
{"level":"info","message":"Forwarding request","method":"POST","path":"/api/user-service/users","service":"user-service","targetPath":"/users","timestamp":"2025-05-21T08:09:58.419Z"}
{"level":"info","message":"Forwarding request","method":"POST","path":"/api/user-service/users","service":"user-service","targetPath":"/users","timestamp":"2025-05-21T08:09:58.421Z"}
{"level":"info","message":"Forwarding request","method":"POST","path":"/api/user-service/users","service":"user-service","targetPath":"/users","timestamp":"2025-05-21T08:09:58.425Z"}
{"level":"info","message":"Forwarding request","method":"POST","path":"/api/user-service/users","service":"user-service","targetPath":"/users","timestamp":"2025-05-21T08:09:58.429Z"}
{"level":"info","message":"Forwarding request","method":"POST","path":"/api/user-service/users","service":"user-service","targetPath":"/users","timestamp":"2025-05-21T08:09:58.431Z"}
{"level":"info","message":"Forwarding request","method":"POST","path":"/api/user-service/users","service":"user-service","targetPath":"/users","timestamp":"2025-05-21T08:09:58.434Z"}
{"level":"info","message":"Forwarding request","method":"POST","path":"/api/user-service/users","service":"user-service","targetPath":"/users","timestamp":"2025-05-21T08:09:58.438Z"}
{"level":"info","message":"API Gateway listening on port 3000","timestamp":"2025-05-21T08:19:41.641Z"}
{"level":"info","message":"Forwarding request","method":"POST","path":"/api/user-service/users","service":"user-service","targetPath":"/users","timestamp":"2025-05-21T08:20:03.289Z"}
{"level":"info","message":"Forwarding request","method":"POST","path":"/api/user-service/users","service":"user-service","targetPath":"/users","timestamp":"2025-05-21T08:20:03.309Z"}
{"level":"info","message":"Forwarding request","method":"POST","path":"/api/user-service/users","service":"user-service","targetPath":"/users","timestamp":"2025-05-21T08:20:03.312Z"}
{"level":"info","message":"Forwarding request","method":"POST","path":"/api/user-service/users","service":"user-service","targetPath":"/users","timestamp":"2025-05-21T08:20:03.353Z"}
{"level":"info","message":"Forwarding request","method":"POST","path":"/api/user-service/users","service":"user-service","targetPath":"/users","timestamp":"2025-05-21T08:20:03.356Z"}
{"level":"info","message":"Forwarding request","method":"POST","path":"/api/user-service/users","service":"user-service","targetPath":"/users","timestamp":"2025-05-21T08:20:03.383Z"}
{"level":"info","message":"Forwarding request","method":"POST","path":"/api/user-service/users","service":"user-service","targetPath":"/users","timestamp":"2025-05-21T08:20:03.386Z"}
{"level":"info","message":"Forwarding request","method":"POST","path":"/api/user-service/users","service":"user-service","targetPath":"/users","timestamp":"2025-05-21T08:20:03.392Z"}
{"level":"info","message":"Forwarding request","method":"POST","path":"/api/user-service/users","service":"user-service","targetPath":"/users","timestamp":"2025-05-21T08:20:03.396Z"}
{"level":"info","message":"Forwarding request","method":"POST","path":"/api/user-service/users","service":"user-service","targetPath":"/users","timestamp":"2025-05-21T08:20:03.405Z"}
{"level":"info","message":"Forwarding request","method":"POST","path":"/api/user-service/users","service":"user-service","targetPath":"/users","timestamp":"2025-05-21T08:20:03.408Z"}
{"level":"info","message":"Forwarding request","method":"POST","path":"/api/user-service/users","service":"user-service","targetPath":"/users","timestamp":"2025-05-21T08:20:03.411Z"}
{"level":"info","message":"Forwarding request","method":"POST","path":"/api/user-service/users","service":"user-service","targetPath":"/users","timestamp":"2025-05-21T08:20:03.416Z"}
{"level":"info","message":"Forwarding request","method":"POST","path":"/api/user-service/users","service":"user-service","targetPath":"/users","timestamp":"2025-05-21T08:20:03.421Z"}
{"level":"info","message":"Forwarding request","method":"POST","path":"/api/user-service/users","service":"user-service","targetPath":"/users","timestamp":"2025-05-21T08:20:03.423Z"}
{"level":"info","message":"Forwarding request","method":"POST","path":"/api/user-service/users","service":"user-service","targetPath":"/users","timestamp":"2025-05-21T08:20:03.425Z"}
{"level":"info","message":"Forwarding request","method":"POST","path":"/api/user-service/users","service":"user-service","targetPath":"/users","timestamp":"2025-05-21T08:20:03.427Z"}
{"level":"info","message":"Forwarding request","method":"POST","path":"/api/user-service/users","service":"user-service","targetPath":"/users","timestamp":"2025-05-21T08:20:03.430Z"}
{"level":"info","message":"Forwarding request","method":"POST","path":"/api/user-service/users","service":"user-service","targetPath":"/users","timestamp":"2025-05-21T08:20:03.432Z"}
{"level":"info","message":"Forwarding request","method":"POST","path":"/api/user-service/users","service":"user-service","targetPath":"/users","timestamp":"2025-05-21T08:20:03.435Z"}
{"level":"info","message":"Forwarding request","method":"POST","path":"/api/user-service/users","service":"user-service","targetPath":"/users","timestamp":"2025-05-21T08:20:03.437Z"}
{"level":"info","message":"Forwarding request","method":"POST","path":"/api/user-service/users","service":"user-service","targetPath":"/users","timestamp":"2025-05-21T08:20:03.439Z"}
{"level":"info","message":"Forwarding request","method":"POST","path":"/api/user-service/users","service":"user-service","targetPath":"/users","timestamp":"2025-05-21T08:20:03.441Z"}
{"level":"info","message":"Forwarding request","method":"POST","path":"/api/user-service/users","service":"user-service","targetPath":"/users","timestamp":"2025-05-21T08:20:03.443Z"}
{"level":"info","message":"Forwarding request","method":"POST","path":"/api/user-service/users","service":"user-service","targetPath":"/users","timestamp":"2025-05-21T08:20:03.444Z"}
{"level":"info","message":"Forwarding request","method":"POST","path":"/api/user-service/users","service":"user-service","targetPath":"/users","timestamp":"2025-05-21T08:20:03.447Z"}
{"level":"info","message":"Forwarding request","method":"POST","path":"/api/user-service/users","service":"user-service","targetPath":"/users","timestamp":"2025-05-21T08:20:03.449Z"}
{"level":"info","message":"Forwarding request","method":"POST","path":"/api/user-service/users","service":"user-service","targetPath":"/users","timestamp":"2025-05-21T08:20:03.452Z"}
{"level":"info","message":"Forwarding request","method":"POST","path":"/api/user-service/users","service":"user-service","targetPath":"/users","timestamp":"2025-05-21T08:20:03.454Z"}
{"level":"info","message":"Forwarding request","method":"POST","path":"/api/user-service/users","service":"user-service","targetPath":"/users","timestamp":"2025-05-21T08:20:03.455Z"}
{"level":"info","message":"Forwarding request","method":"POST","path":"/api/user-service/users","service":"user-service","targetPath":"/users","timestamp":"2025-05-21T08:20:03.474Z"}
{"level":"info","message":"Forwarding request","method":"POST","path":"/api/user-service/users","service":"user-service","targetPath":"/users","timestamp":"2025-05-21T08:20:03.477Z"}
{"level":"info","message":"Forwarding request","method":"POST","path":"/api/user-service/users","service":"user-service","targetPath":"/users","timestamp":"2025-05-21T08:20:03.481Z"}
{"level":"info","message":"Forwarding request","method":"POST","path":"/api/user-service/users","service":"user-service","targetPath":"/users","timestamp":"2025-05-21T08:20:03.483Z"}
{"level":"info","message":"Forwarding request","method":"POST","path":"/api/user-service/users","service":"user-service","targetPath":"/users","timestamp":"2025-05-21T08:20:03.487Z"}
{"level":"info","message":"Forwarding request","method":"POST","path":"/api/user-service/users","service":"user-service","targetPath":"/users","timestamp":"2025-05-21T08:20:03.490Z"}
{"level":"info","message":"Forwarding request","method":"POST","path":"/api/user-service/users","service":"user-service","targetPath":"/users","timestamp":"2025-05-21T08:20:03.493Z"}
{"level":"info","message":"Forwarding request","method":"POST","path":"/api/user-service/users","service":"user-service","targetPath":"/users","timestamp":"2025-05-21T08:20:03.497Z"}
{"level":"info","message":"Forwarding request","method":"POST","path":"/api/user-service/users","service":"user-service","targetPath":"/users","timestamp":"2025-05-21T08:20:03.502Z"}
{"level":"info","message":"Forwarding request","method":"POST","path":"/api/user-service/users","service":"user-service","targetPath":"/users","timestamp":"2025-05-21T08:20:03.505Z"}
{"level":"info","message":"Forwarding request","method":"POST","path":"/api/user-service/users","service":"user-service","targetPath":"/users","timestamp":"2025-05-21T08:20:03.509Z"}
{"level":"info","message":"Forwarding request","method":"POST","path":"/api/user-service/users","service":"user-service","targetPath":"/users","timestamp":"2025-05-21T08:20:03.511Z"}
{"level":"info","message":"Forwarding request","method":"POST","path":"/api/user-service/users","service":"user-service","targetPath":"/users","timestamp":"2025-05-21T08:20:03.514Z"}
{"level":"info","message":"Forwarding request","method":"POST","path":"/api/user-service/users","service":"user-service","targetPath":"/users","timestamp":"2025-05-21T08:20:03.516Z"}
{"level":"info","message":"Forwarding request","method":"POST","path":"/api/user-service/users","service":"user-service","targetPath":"/users","timestamp":"2025-05-21T08:20:03.520Z"}
{"level":"info","message":"Forwarding request","method":"POST","path":"/api/user-service/users","service":"user-service","targetPath":"/users","timestamp":"2025-05-21T08:20:03.524Z"}
{"level":"info","message":"Forwarding request","method":"POST","path":"/api/user-service/users","service":"user-service","targetPath":"/users","timestamp":"2025-05-21T08:20:03.526Z"}
{"level":"info","message":"Forwarding request","method":"POST","path":"/api/user-service/users","service":"user-service","targetPath":"/users","timestamp":"2025-05-21T08:20:03.528Z"}
{"level":"info","message":"Forwarding request","method":"POST","path":"/api/user-service/users","service":"user-service","targetPath":"/users","timestamp":"2025-05-21T08:20:03.531Z"}
{"level":"info","message":"Forwarding request","method":"POST","path":"/api/user-service/users","service":"user-service","targetPath":"/users","timestamp":"2025-05-21T08:20:03.533Z"}
{"level":"info","message":"API Gateway listening on port 3000","timestamp":"2025-05-21T08:21:26.930Z"}
{"level":"info","message":"Forwarding request","method":"POST","path":"/api/user-service/users","service":"user-service","targetPath":"/users","timestamp":"2025-05-21T08:23:12.515Z"}
{"level":"info","message":"Forwarding request","method":"POST","path":"/api/user-service/users","service":"user-service","targetPath":"/users","timestamp":"2025-05-21T08:23:12.538Z"}
{"level":"info","message":"Forwarding request","method":"POST","path":"/api/user-service/users","service":"user-service","targetPath":"/users","timestamp":"2025-05-21T08:23:12.542Z"}
{"level":"info","message":"Forwarding request","method":"POST","path":"/api/user-service/users","service":"user-service","targetPath":"/users","timestamp":"2025-05-21T08:23:12.547Z"}
{"level":"info","message":"Forwarding request","method":"POST","path":"/api/user-service/users","service":"user-service","targetPath":"/users","timestamp":"2025-05-21T08:23:12.549Z"}
{"level":"info","message":"Forwarding request","method":"POST","path":"/api/user-service/users","service":"user-service","targetPath":"/users","timestamp":"2025-05-21T08:23:12.553Z"}
{"level":"info","message":"Forwarding request","method":"POST","path":"/api/user-service/users","service":"user-service","targetPath":"/users","timestamp":"2025-05-21T08:23:12.556Z"}
{"level":"info","message":"Forwarding request","method":"POST","path":"/api/user-service/users","service":"user-service","targetPath":"/users","timestamp":"2025-05-21T08:23:12.558Z"}
{"level":"info","message":"Forwarding request","method":"POST","path":"/api/user-service/users","service":"user-service","targetPath":"/users","timestamp":"2025-05-21T08:23:12.562Z"}
{"level":"info","message":"Forwarding request","method":"POST","path":"/api/user-service/users","service":"user-service","targetPath":"/users","timestamp":"2025-05-21T08:23:12.567Z"}
{"level":"info","message":"Forwarding request","method":"POST","path":"/api/user-service/users","service":"user-service","targetPath":"/users","timestamp":"2025-05-21T08:23:12.570Z"}
{"level":"info","message":"Forwarding request","method":"POST","path":"/api/user-service/users","service":"user-service","targetPath":"/users","timestamp":"2025-05-21T08:23:12.572Z"}
{"level":"info","message":"Forwarding request","method":"POST","path":"/api/user-service/users","service":"user-service","targetPath":"/users","timestamp":"2025-05-21T08:23:12.574Z"}
{"level":"info","message":"Forwarding request","method":"POST","path":"/api/user-service/users","service":"user-service","targetPath":"/users","timestamp":"2025-05-21T08:23:12.577Z"}
{"level":"info","message":"Forwarding request","method":"POST","path":"/api/user-service/users","service":"user-service","targetPath":"/users","timestamp":"2025-05-21T08:23:12.580Z"}
{"level":"info","message":"Forwarding request","method":"POST","path":"/api/user-service/users","service":"user-service","targetPath":"/users","timestamp":"2025-05-21T08:23:12.582Z"}
{"level":"info","message":"Forwarding request","method":"POST","path":"/api/user-service/users","service":"user-service","targetPath":"/users","timestamp":"2025-05-21T08:23:12.585Z"}
{"level":"info","message":"Forwarding request","method":"POST","path":"/api/user-service/users","service":"user-service","targetPath":"/users","timestamp":"2025-05-21T08:23:12.590Z"}
{"level":"info","message":"Forwarding request","method":"POST","path":"/api/user-service/users","service":"user-service","targetPath":"/users","timestamp":"2025-05-21T08:23:12.592Z"}
{"level":"info","message":"Forwarding request","method":"POST","path":"/api/user-service/users","service":"user-service","targetPath":"/users","timestamp":"2025-05-21T08:23:12.594Z"}
{"level":"info","message":"Forwarding request","method":"POST","path":"/api/user-service/users","service":"user-service","targetPath":"/users","timestamp":"2025-05-21T08:23:12.596Z"}
{"level":"info","message":"Forwarding request","method":"POST","path":"/api/user-service/users","service":"user-service","targetPath":"/users","timestamp":"2025-05-21T08:23:12.599Z"}
{"level":"info","message":"Forwarding request","method":"POST","path":"/api/user-service/users","service":"user-service","targetPath":"/users","timestamp":"2025-05-21T08:23:12.601Z"}
{"level":"info","message":"Forwarding request","method":"POST","path":"/api/user-service/users","service":"user-service","targetPath":"/users","timestamp":"2025-05-21T08:23:12.605Z"}
{"level":"info","message":"Forwarding request","method":"POST","path":"/api/user-service/users","service":"user-service","targetPath":"/users","timestamp":"2025-05-21T08:23:12.623Z"}
{"level":"info","message":"Forwarding request","method":"POST","path":"/api/user-service/users","service":"user-service","targetPath":"/users","timestamp":"2025-05-21T08:23:12.626Z"}
{"level":"info","message":"Forwarding request","method":"POST","path":"/api/user-service/users","service":"user-service","targetPath":"/users","timestamp":"2025-05-21T08:23:12.629Z"}
{"level":"info","message":"Forwarding request","method":"POST","path":"/api/user-service/users","service":"user-service","targetPath":"/users","timestamp":"2025-05-21T08:23:12.633Z"}
{"level":"info","message":"Forwarding request","method":"POST","path":"/api/user-service/users","service":"user-service","targetPath":"/users","timestamp":"2025-05-21T08:23:12.639Z"}
{"level":"info","message":"Forwarding request","method":"POST","path":"/api/user-service/users","service":"user-service","targetPath":"/users","timestamp":"2025-05-21T08:23:12.643Z"}
{"level":"info","message":"Forwarding request","method":"POST","path":"/api/user-service/users","service":"user-service","targetPath":"/users","timestamp":"2025-05-21T08:23:12.647Z"}
{"level":"info","message":"Forwarding request","method":"POST","path":"/api/user-service/users","service":"user-service","targetPath":"/users","timestamp":"2025-05-21T08:23:12.652Z"}
{"level":"info","message":"Forwarding request","method":"POST","path":"/api/user-service/users","service":"user-service","targetPath":"/users","timestamp":"2025-05-21T08:23:12.662Z"}
{"level":"info","message":"Forwarding request","method":"POST","path":"/api/user-service/users","service":"user-service","targetPath":"/users","timestamp":"2025-05-21T08:23:12.666Z"}
{"level":"info","message":"Forwarding request","method":"POST","path":"/api/user-service/users","service":"user-service","targetPath":"/users","timestamp":"2025-05-21T08:23:12.671Z"}
{"level":"info","message":"Forwarding request","method":"POST","path":"/api/user-service/users","service":"user-service","targetPath":"/users","timestamp":"2025-05-21T08:23:12.674Z"}
{"level":"info","message":"Forwarding request","method":"POST","path":"/api/user-service/users","service":"user-service","targetPath":"/users","timestamp":"2025-05-21T08:23:12.677Z"}
{"level":"info","message":"Forwarding request","method":"POST","path":"/api/user-service/users","service":"user-service","targetPath":"/users","timestamp":"2025-05-21T08:23:12.680Z"}
{"level":"info","message":"Forwarding request","method":"POST","path":"/api/user-service/users","service":"user-service","targetPath":"/users","timestamp":"2025-05-21T08:23:12.681Z"}
{"level":"info","message":"Forwarding request","method":"POST","path":"/api/user-service/users","service":"user-service","targetPath":"/users","timestamp":"2025-05-21T08:23:12.684Z"}
{"level":"info","message":"Forwarding request","method":"POST","path":"/api/user-service/users","service":"user-service","targetPath":"/users","timestamp":"2025-05-21T08:23:12.688Z"}
{"level":"info","message":"Forwarding request","method":"POST","path":"/api/user-service/users","service":"user-service","targetPath":"/users","timestamp":"2025-05-21T08:23:12.690Z"}
{"level":"info","message":"Forwarding request","method":"POST","path":"/api/user-service/users","service":"user-service","targetPath":"/users","timestamp":"2025-05-21T08:23:12.692Z"}
{"level":"info","message":"Forwarding request","method":"POST","path":"/api/user-service/users","service":"user-service","targetPath":"/users","timestamp":"2025-05-21T08:23:12.694Z"}
{"level":"info","message":"Forwarding request","method":"POST","path":"/api/user-service/users","service":"user-service","targetPath":"/users","timestamp":"2025-05-21T08:23:12.696Z"}
{"level":"info","message":"Forwarding request","method":"POST","path":"/api/user-service/users","service":"user-service","targetPath":"/users","timestamp":"2025-05-21T08:23:12.698Z"}
{"level":"info","message":"Forwarding request","method":"POST","path":"/api/user-service/users","service":"user-service","targetPath":"/users","timestamp":"2025-05-21T08:23:12.700Z"}
{"level":"info","message":"Forwarding request","method":"POST","path":"/api/user-service/users","service":"user-service","targetPath":"/users","timestamp":"2025-05-21T08:23:12.703Z"}
{"level":"info","message":"Forwarding request","method":"POST","path":"/api/user-service/users","service":"user-service","targetPath":"/users","timestamp":"2025-05-21T08:23:12.706Z"}
{"level":"info","message":"Forwarding request","method":"POST","path":"/api/user-service/users","service":"user-service","targetPath":"/users","timestamp":"2025-05-21T08:23:12.709Z"}
{"level":"info","message":"API Gateway listening on port 3000","timestamp":"2025-05-21T08:30:22.704Z"}
{"level":"info","message":"Forwarding request","method":"POST","path":"/api/user-service/users","service":"user-service","targetPath":"/users","timestamp":"2025-05-21T08:30:44.852Z"}
{"level":"info","message":"API Gateway listening on port 3000","timestamp":"2025-05-21T08:32:33.664Z"}
{"level":"info","message":"Forwarding request","method":"POST","path":"/api/user-service/users","service":"user-service","targetPath":"/users","timestamp":"2025-05-21T08:33:04.834Z"}
{"level":"info","message":"Forwarding request","method":"POST","path":"/api/user-service/users","service":"user-service","targetPath":"/users","timestamp":"2025-05-21T08:36:28.147Z"}
{"level":"info","message":"API Gateway listening on port 3000","timestamp":"2025-05-21T08:37:56.622Z"}
{"level":"info","message":"API Gateway listening on port 3000","timestamp":"2025-05-21T08:44:33.096Z"}
{"headers":{"accept":"*/*","content-length":"31","content-type":"application/json","host":"localhost:3000","user-agent":"curl/8.4.0"},"level":"info","message":"Forwarding request","method":"POST","path":"/api/user-service/users","service":"user-service","targetPath":"/users","timestamp":"2025-05-21T08:45:07.716Z"}
{"error":"(options.buffer || req).pipe is not a function","level":"error","message":"Request processing error","timestamp":"2025-05-21T08:45:07.733Z"}
{"level":"error","message":"(options.buffer || req).pipe is not a function","method":"POST","path":"/api/user-service/users","stack":"TypeError: (options.buffer || req).pipe is not a function\n    at Array.stream (C:\\Users\\Hp\\Desktop\\Software Development\\api-gateway\\node_modules\\http-proxy\\lib\\http-proxy\\passes\\web-incoming.js:170:29)\n    at ProxyServer.<anonymous> (C:\\Users\\Hp\\Desktop\\Software Development\\api-gateway\\node_modules\\http-proxy\\lib\\http-proxy\\index.js:81:21)\n    at C:\\Users\\Hp\\Desktop\\Software Development\\api-gateway\\index.js:78:11\n    at Layer.handleRequest (C:\\Users\\Hp\\Desktop\\Software Development\\api-gateway\\node_modules\\router\\lib\\layer.js:152:17)\n    at next (C:\\Users\\Hp\\Desktop\\Software Development\\api-gateway\\node_modules\\router\\lib\\route.js:157:13)\n    at middleware (C:\\Users\\Hp\\Desktop\\Software Development\\api-gateway\\node_modules\\express-validator\\lib\\middlewares\\check.js:16:13)\n    at process.processTicksAndRejections (node:internal/process/task_queues:105:5)","timestamp":"2025-05-21T08:45:07.771Z"}
{"headers":{"accept":"*/*","connection":"close","content-length":"31","content-type":"application/json","host":"localhost:3000","user-agent":"curl/8.4.0"},"level":"info","message":"Proxy request initiated","method":"POST","path":"/api/user-service/users","timestamp":"2025-05-21T08:45:07.778Z"}
{"level":"info","message":"API Gateway listening on port 3000","timestamp":"2025-05-21T08:47:25.473Z"}
{"headers":{"accept":"*/*","content-length":"31","content-type":"application/json","host":"localhost:3000","user-agent":"curl/8.4.0"},"level":"info","message":"Forwarding request","method":"POST","path":"/api/user-service/users","service":"user-service","targetPath":"/users","timestamp":"2025-05-21T08:47:49.394Z"}
{"error":"timeout of 5000ms exceeded","level":"error","message":"Request forwarding error","path":"/api/user-service/users","service":"user-service","timestamp":"2025-05-21T08:47:54.481Z"}
{"headers":{"accept":"text/html,application/xhtml+xml,application/xml;q=0.9,image/avif,image/webp,image/apng,*/*;q=0.8","accept-encoding":"gzip, deflate, br, zstd","accept-language":"en-US,en;q=0.9","cache-control":"max-age=0","connection":"keep-alive","cookie":"csrftoken=Lh4SY1ShK9BME3Cz5hcpgQOOjNccXMzE","host":"localhost:3000","sec-ch-ua":"\"Chromium\";v=\"136\", \"Brave\";v=\"136\", \"Not.A/Brand\";v=\"99\"","sec-ch-ua-mobile":"?0","sec-ch-ua-platform":"\"Windows\"","sec-fetch-dest":"document","sec-fetch-mode":"navigate","sec-fetch-site":"none","sec-fetch-user":"?1","sec-gpc":"1","upgrade-insecure-requests":"1","user-agent":"Mozilla/5.0 (Windows NT 10.0; Win64; x64) AppleWebKit/537.36 (KHTML, like Gecko) Chrome/136.0.0.0 Safari/537.36"},"level":"info","message":"Forwarding request","method":"GET","path":"/api/user-service/users","service":"user-service","targetPath":"/users","timestamp":"2025-05-21T11:51:50.048Z"}
